<?xml version="1.0" encoding="UTF-8"?>
<!-- Generated by org.testng.reporters.JUnitReportReporter -->
<testsuite skipped="0" hostname="DESKTOP-86EQLNF" name="tests.PetStoreMenuTest" tests="3" failures="0" timestamp="2020-04-05T17:22:11 CEST" time="6.506" errors="0">
  <testcase name="petStoreMenuLinksVerify" time="0.862" classname="tests.PetStoreMenuTest"/>
  <testcase name="areLinksCorrect" time="3.209" classname="tests.PetStoreMenuTest"/>
  <testcase name="isSignedIn" time="2.435" classname="tests.PetStoreMenuTest"/>
</testsuite> <!-- tests.PetStoreMenuTest -->
