<?xml version="1.0" encoding="UTF-8"?>
<!-- Generated by org.testng.reporters.JUnitReportReporter -->
<testsuite skipped="0" hostname="DESKTOP-86EQLNF" name="tests.EnterTheStore" tests="1" failures="0" timestamp="2020-04-05T17:22:11 CEST" time="3.379" errors="0">
  <testcase name="enterTheStore" time="3.379" classname="tests.EnterTheStore"/>
</testsuite> <!-- tests.EnterTheStore -->
