<?xml version="1.0" encoding="UTF-8"?>
<!-- Generated by org.testng.reporters.JUnitReportReporter -->
<testsuite skipped="0" hostname="DESKTOP-86EQLNF" name="tests.CartTest" tests="2" failures="0" timestamp="2020-04-05T17:22:11 CEST" time="309.868" errors="0">
  <testcase name="areProductsInCart" time="305.571" classname="tests.CartTest"/>
  <testcase name="emptyCart" time="4.297" classname="tests.CartTest"/>
</testsuite> <!-- tests.CartTest -->
